<?xml version="1.0" encoding="UTF-8"?>
<testsuite name="AppTest" tests="2" skipped="0" failures="0" errors="0" timestamp="2019-06-18T14:59:18" hostname="MAKERSs-MacBook-Pro-9.local" time="0.011">
  <properties/>
  <testcase name="shouldThrowAnException()" classname="AppTest" time="0.002"/>
  <testcase name="testAppHasAGreeting()" classname="AppTest" time="0.007"/>
  <system-out><![CDATA[]]></system-out>
  <system-err><![CDATA[]]></system-err>
</testsuite>
